Using base prefix '/share/apps/python3/3.6.3/intel'
New python executable in /scratch/ky13/Experiments/OneClassClassification_20181010/DeepAutoEncoder_Pytorch/py3.6.3/bin/python3
Not overwriting existing python script /scratch/ky13/Experiments/OneClassClassification_20181010/DeepAutoEncoder_Pytorch/py3.6.3/bin/python (you must use /scratch/ky13/Experiments/OneClassClassification_20181010/DeepAutoEncoder_Pytorch/py3.6.3/bin/python3)
Installing setuptools, pip, wheel...done.
Requirement already satisfied: pillow in ./py3.6.3/lib/python3.6/site-packages (5.3.0)
Requirement already satisfied: scapy in ./py3.6.3/lib/python3.6/site-packages (2.4.0)
Requirement already satisfied: torch in ./py3.6.3/lib/python3.6/site-packages (0.4.1)
Requirement already satisfied: sklearn in ./py3.6.3/lib/python3.6/site-packages (0.0)
Requirement already satisfied: scikit-learn in ./py3.6.3/lib/python3.6/site-packages (from sklearn) (0.20.0)
Requirement already satisfied: scipy>=0.13.3 in /share/apps/python3/3.6.3/intel/lib/python3.6/site-packages/scipy-1.0.0rc1-py3.6-linux-x86_64.egg (from scikit-learn->sklearn) (1.0.0rc1)
Requirement already satisfied: numpy>=1.8.2 in /share/apps/python3/3.6.3/intel/lib/python3.6/site-packages/numpy-1.13.3-py3.6-linux-x86_64.egg (from scikit-learn->sklearn) (1.13.3)
Requirement already satisfied: matplotlib in /share/apps/python3/3.6.3/intel/lib/python3.6/site-packages/matplotlib-2.1.0-py3.6-linux-x86_64.egg (2.1.0)
Requirement already satisfied: numpy>=1.7.1 in /share/apps/python3/3.6.3/intel/lib/python3.6/site-packages/numpy-1.13.3-py3.6-linux-x86_64.egg (from matplotlib) (1.13.3)
Requirement already satisfied: six>=1.10 in /share/apps/python3/3.6.3/intel/lib/python3.6/site-packages/six-1.11.0-py3.6.egg (from matplotlib) (1.11.0)
Requirement already satisfied: python-dateutil>=2.0 in /share/apps/python3/3.6.3/intel/lib/python3.6/site-packages/python_dateutil-2.6.1-py3.6.egg (from matplotlib) (2.6.1)
Requirement already satisfied: pytz in /share/apps/python3/3.6.3/intel/lib/python3.6/site-packages/pytz-2017.3-py3.6.egg (from matplotlib) (2017.3)
Requirement already satisfied: cycler>=0.10 in /share/apps/python3/3.6.3/intel/lib/python3.6/site-packages/cycler-0.10.0-py3.6.egg (from matplotlib) (0.10.0)
Requirement already satisfied: pyparsing!=2.0.4,!=2.1.2,!=2.1.6,>=2.0.1 in /share/apps/python3/3.6.3/intel/lib/python3.6/site-packages/pyparsing-2.2.0-py3.6.egg (from matplotlib) (2.2.0)
['/scratch/ky13/Experiments/OneClassClassification_20181010/DeepAutoEncoder_Pytorch', '/scratch/ky13/Experiments/OneClassClassification_20181010/DeepAutoEncoder_Pytorch/py3.6.3/lib/python36.zip', '/scratch/ky13/Experiments/OneClassClassification_20181010/DeepAutoEncoder_Pytorch/py3.6.3/lib/python3.6', '/scratch/ky13/Experiments/OneClassClassification_20181010/DeepAutoEncoder_Pytorch/py3.6.3/lib/python3.6/lib-dynload', '/share/apps/python3/3.6.3/intel/lib/python3.6', '/scratch/ky13/Experiments/OneClassClassification_20181010/DeepAutoEncoder_Pytorch/py3.6.3/lib/python3.6/site-packages', '/share/apps/python3/3.6.3/intel/lib/python3.6/site-packages', '/share/apps/python3/3.6.3/intel/lib/python3.6/site-packages/numpy-1.13.3-py3.6-linux-x86_64.egg', '/share/apps/python3/3.6.3/intel/lib/python3.6/site-packages/scipy-1.0.0rc1-py3.6-linux-x86_64.egg', '/share/apps/python3/3.6.3/intel/lib/python3.6/site-packages/virtualenv-15.1.0-py3.6.egg', '/share/apps/python3/3.6.3/intel/lib/python3.6/site-packages/preshed-1.0.0-py3.6-linux-x86_64.egg', '/share/apps/python3/3.6.3/intel/lib/python3.6/site-packages/cymem-1.31.2-py3.6-linux-x86_64.egg', '/share/apps/python3/3.6.3/intel/lib/python3.6/site-packages/spacy-2.0.1.dev0-py3.6-linux-x86_64.egg', '/share/apps/python3/3.6.3/intel/lib/python3.6/site-packages/msgpack_numpy-0.4.1-py3.6.egg', '/share/apps/python3/3.6.3/intel/lib/python3.6/site-packages/msgpack_python-0.4.8-py3.6-linux-x86_64.egg', '/share/apps/python3/3.6.3/intel/lib/python3.6/site-packages/ftfy-4.4.3-py3.6.egg', '/share/apps/python3/3.6.3/intel/lib/python3.6/site-packages/regex-2017.4.5-py3.6-linux-x86_64.egg', '/share/apps/python3/3.6.3/intel/lib/python3.6/site-packages/requests-2.18.4-py3.6.egg', '/share/apps/python3/3.6.3/intel/lib/python3.6/site-packages/dill-0.2.7.1-py3.6.egg', '/share/apps/python3/3.6.3/intel/lib/python3.6/site-packages/ujson-1.35-py3.6-linux-x86_64.egg', '/share/apps/python3/3.6.3/intel/lib/python3.6/site-packages/pathlib-1.0.1-py3.6.egg', '/share/apps/python3/3.6.3/intel/lib/python3.6/site-packages/six-1.11.0-py3.6.egg', '/share/apps/python3/3.6.3/intel/lib/python3.6/site-packages/plac-0.9.6-py3.6.egg', '/share/apps/python3/3.6.3/intel/lib/python3.6/site-packages/thinc-6.10.0-py3.6-linux-x86_64.egg', '/share/apps/python3/3.6.3/intel/lib/python3.6/site-packages/murmurhash-0.28.0-py3.6-linux-x86_64.egg', '/share/apps/python3/3.6.3/intel/lib/python3.6/site-packages/wcwidth-0.1.7-py3.6.egg', '/share/apps/python3/3.6.3/intel/lib/python3.6/site-packages/html5lib-1.0b10-py3.6.egg', '/share/apps/python3/3.6.3/intel/lib/python3.6/site-packages/certifi-2017.11.5-py3.6.egg', '/share/apps/python3/3.6.3/intel/lib/python3.6/site-packages/urllib3-1.22-py3.6.egg', '/share/apps/python3/3.6.3/intel/lib/python3.6/site-packages/idna-2.6-py3.6.egg', '/share/apps/python3/3.6.3/intel/lib/python3.6/site-packages/chardet-3.0.4-py3.6.egg', '/share/apps/python3/3.6.3/intel/lib/python3.6/site-packages/termcolor-1.1.0-py3.6.egg', '/share/apps/python3/3.6.3/intel/lib/python3.6/site-packages/cytoolz-0.8.2-py3.6-linux-x86_64.egg', '/share/apps/python3/3.6.3/intel/lib/python3.6/site-packages/tqdm-4.19.4-py3.6.egg', '/share/apps/python3/3.6.3/intel/lib/python3.6/site-packages/wrapt-1.10.11-py3.6-linux-x86_64.egg', '/share/apps/python3/3.6.3/intel/lib/python3.6/site-packages/webencodings-0.5.1-py3.6.egg', '/share/apps/python3/3.6.3/intel/lib/python3.6/site-packages/toolz-0.8.2-py3.6.egg', '/share/apps/python3/3.6.3/intel/lib/python3.6/site-packages/matplotlib-2.1.0-py3.6-linux-x86_64.egg', '/share/apps/python3/3.6.3/intel/lib/python3.6/site-packages/pyparsing-2.2.0-py3.6.egg', '/share/apps/python3/3.6.3/intel/lib/python3.6/site-packages/cycler-0.10.0-py3.6.egg', '/share/apps/python3/3.6.3/intel/lib/python3.6/site-packages/pytz-2017.3-py3.6.egg', '/share/apps/python3/3.6.3/intel/lib/python3.6/site-packages/python_dateutil-2.6.1-py3.6.egg', '/share/apps/python3/3.6.3/intel/lib/python3.6/site-packages/datajoint-0.9.0-py3.6.egg', '/share/apps/python3/3.6.3/intel/lib/python3.6/site-packages/boto3-1.5.9-py3.6.egg', '/share/apps/python3/3.6.3/intel/lib/python3.6/site-packages/pydotplus-2.0.2-py3.6.egg', '/share/apps/python3/3.6.3/intel/lib/python3.6/site-packages/networkx-1.11-py3.6.egg', '/share/apps/python3/3.6.3/intel/lib/python3.6/site-packages/ipython-6.2.1-py3.6.egg', '/share/apps/python3/3.6.3/intel/lib/python3.6/site-packages/PyMySQL-0.8.0-py3.6.egg', '/share/apps/python3/3.6.3/intel/lib/python3.6/site-packages/s3transfer-0.1.12-py3.6.egg', '/share/apps/python3/3.6.3/intel/lib/python3.6/site-packages/jmespath-0.9.3-py3.6.egg', '/share/apps/python3/3.6.3/intel/lib/python3.6/site-packages/botocore-1.8.23-py3.6.egg', '/share/apps/python3/3.6.3/intel/lib/python3.6/site-packages/decorator-4.1.2-py3.6.egg', '/share/apps/python3/3.6.3/intel/lib/python3.6/site-packages/pexpect-4.3.1-py3.6.egg', '/share/apps/python3/3.6.3/intel/lib/python3.6/site-packages/Pygments-2.2.0-py3.6.egg', '/share/apps/python3/3.6.3/intel/lib/python3.6/site-packages/prompt_toolkit-1.0.15-py3.6.egg', '/share/apps/python3/3.6.3/intel/lib/python3.6/site-packages/traitlets-4.3.2-py3.6.egg', '/share/apps/python3/3.6.3/intel/lib/python3.6/site-packages/simplegeneric-0.8.1-py3.6.egg', '/share/apps/python3/3.6.3/intel/lib/python3.6/site-packages/pickleshare-0.7.4-py3.6.egg', '/share/apps/python3/3.6.3/intel/lib/python3.6/site-packages/jedi-0.11.1-py3.6.egg', '/share/apps/python3/3.6.3/intel/lib/python3.6/site-packages/docutils-0.14-py3.6.egg', '/share/apps/python3/3.6.3/intel/lib/python3.6/site-packages/ptyprocess-0.5.2-py3.6.egg', '/share/apps/python3/3.6.3/intel/lib/python3.6/site-packages/ipython_genutils-0.2.0-py3.6.egg', '/share/apps/python3/3.6.3/intel/lib/python3.6/site-packages/parso-0.1.1-py3.6.egg', '/share/apps/python3/3.6.3/intel/lib/python3.6/site-packages/pandas-0.22.0-py3.6-linux-x86_64.egg', '/share/apps/python3/3.6.3/intel/lib/python3.6/site-packages/h5py-2.7.1-py3.6-linux-x86_64.egg', '/share/apps/python3/3.6.3/intel/lib/python3.6/site-packages/tables-3.4.2-py3.6-linux-x86_64.egg', '/share/apps/python3/3.6.3/intel/lib/python3.6/site-packages/numexpr-2.6.4-py3.6-linux-x86_64.egg', '/share/apps/python3/3.6.3/intel/lib/python3.6/site-packages/Cython-0.28.3-py3.6-linux-x86_64.egg', '/share/apps/python3/3.6.3/intel/lib/python3.6/site-packages', '/scratch/ky13/Experiments/OneClassClassification_20181010']
It starts at  2018-10-15 17:52:16
ts, sip, dip, sport, dport, proto, dura, orig_pks, reply_pks, orig_bytes, reply_bytes, orig_min_pkt_size, orig_max_pkt_size, reply_min_pkt_size, reply_max_pkt_size, orig_min_interval, orig_max_interval, reply_min_interval, reply_max_interval, orig_min_ttl, orig_max_ttl, reply_min_ttl, reply_max_ttl, urg, ack, psh, rst, syn, fin, is_new, state, prev_state
ts, sip, dip, sport, dport, proto, dura, orig_pks, reply_pks, orig_bytes, reply_bytes, orig_min_pkt_size, orig_max_pkt_size, reply_min_pkt_size, reply_max_pkt_size, orig_min_interval, orig_max_interval, reply_min_interval, reply_max_interval, orig_min_ttl, orig_max_ttl, reply_min_ttl, reply_max_ttl, urg, ack, psh, rst, syn, fin, is_new, state, prev_state
ts, sip, dip, sport, dport, proto, dura, orig_pks, reply_pks, orig_bytes, reply_bytes, orig_min_pkt_size, orig_max_pkt_size, reply_min_pkt_size, reply_max_pkt_size, orig_min_interval, orig_max_interval, reply_min_interval, reply_max_interval, orig_min_ttl, orig_max_ttl, reply_min_ttl, reply_max_ttl, urg, ack, psh, rst, syn, fin, is_new, state, prev_state
normal_data: 77988 , attack_data: 49084
u_normal: [  8.06032130e+00   8.34555146e+00   1.01115514e+02   1.95674085e+02
   3.30554852e+04   2.58392168e+05   5.35737942e+01   5.59941492e+02
   5.65971131e+01   9.44016138e+02   2.99635837e+01   3.19403129e+03
   8.53565606e+00   2.95465903e+03   3.17010496e+01   3.17010496e+01
   3.17004634e+01   3.17004634e+01   0.00000000e+00   2.93566467e+02
   1.58604166e+02   0.00000000e+00   3.21177483e+00   3.19083732e+00
   9.90657801e-01   6.34474547e+00   4.54996245e+00]
std_normal: [  4.29169086e+00   5.70195026e+00   1.66506465e+02   3.90713309e+02
   1.66162368e+05   5.77857680e+05   8.73685456e+00   5.28219156e+02
   1.49709903e+01   5.86123302e+02   4.74645893e+02   7.72026428e+03
   1.59846138e+02   7.52900210e+03   3.07848026e+00   3.07848026e+00
   3.08146841e+00   3.08146841e+00   0.00000000e+00   4.51996424e+02
   2.31028829e+02   0.00000000e+00   1.59075538e+00   1.59922643e+00
   9.62025082e-02   8.48229849e-01   1.18118673e+00]
std_normal_modified: [  4.29169086e+00   5.70195026e+00   1.66506465e+02   3.90713309e+02
   1.66162368e+05   5.77857680e+05   8.73685456e+00   5.28219156e+02
   1.49709903e+01   5.86123302e+02   4.74645893e+02   7.72026428e+03
   1.59846138e+02   7.52900210e+03   3.07848026e+00   3.07848026e+00
   3.08146841e+00   3.08146841e+00   1.00000000e-03   4.51996424e+02
   2.31028829e+02   1.00000000e-03   1.59075538e+00   1.59922643e+00
   9.62025082e-02   8.48229849e-01   1.18118673e+00]
train_set:Counter({0: 54591}),val_set:Counter({0: 7798}),test_set:Counter({1: 49084, 0: 15599})
Encoder Sequential(
  (0): Linear(in_features=27, out_features=128, bias=True)
  (1): ReLU(inplace)
  (2): Linear(in_features=128, out_features=64, bias=True)
  (3): ReLU(inplace)
  (4): Linear(in_features=64, out_features=32, bias=True)
  (5): ReLU(inplace)
  (6): Linear(in_features=32, out_features=10, bias=True)
)
Total number of parameters: 14250
Decoder Sequential(
  (0): Linear(in_features=10, out_features=32, bias=True)
  (1): ReLU(inplace)
  (2): Linear(in_features=32, out_features=64, bias=True)
  (3): ReLU(inplace)
  (4): Linear(in_features=64, out_features=128, bias=True)
  (5): ReLU(inplace)
  (6): Linear(in_features=128, out_features=27, bias=True)
  (7): Sigmoid()
)
Total number of parameters: 14267
train_set shape is (54591, 27), val_set size is (7798, 27)
epoch [1/1000], train_loss:0.4641, val_loss:0.8298

epoch [2/1000], train_loss:0.4990, val_loss:0.8299

epoch [3/1000], train_loss:0.5095, val_loss:0.8188

epoch [4/1000], train_loss:0.4504, val_loss:0.8162

epoch [5/1000], train_loss:0.5176, val_loss:0.8148

epoch [6/1000], train_loss:0.5500, val_loss:0.8135

epoch [7/1000], train_loss:22.7375, val_loss:0.8134

epoch [8/1000], train_loss:1.0214, val_loss:0.8129

epoch [9/1000], train_loss:0.4982, val_loss:0.8128

epoch [10/1000], train_loss:0.4480, val_loss:0.8129

epoch [11/1000], train_loss:0.3993, val_loss:0.8128

epoch [12/1000], train_loss:0.4976, val_loss:0.8128

epoch [13/1000], train_loss:0.7993, val_loss:0.8127

epoch [14/1000], train_loss:0.3788, val_loss:0.8126

epoch [15/1000], train_loss:0.9357, val_loss:0.8127

epoch [16/1000], train_loss:0.9464, val_loss:0.8131

epoch [17/1000], train_loss:1.3026, val_loss:0.8126

epoch [18/1000], train_loss:0.5330, val_loss:0.8126

epoch [19/1000], train_loss:0.5462, val_loss:0.8127

epoch [20/1000], train_loss:0.3717, val_loss:0.8131

epoch [21/1000], train_loss:0.4506, val_loss:0.8125

epoch [22/1000], train_loss:0.4731, val_loss:0.8125

epoch [23/1000], train_loss:0.5353, val_loss:0.8126

epoch [24/1000], train_loss:0.5764, val_loss:0.8126

epoch [25/1000], train_loss:0.8265, val_loss:0.8125

epoch [26/1000], train_loss:0.4131, val_loss:0.8124

epoch [27/1000], train_loss:0.4919, val_loss:0.8125

epoch [28/1000], train_loss:0.8246, val_loss:0.8124

epoch [29/1000], train_loss:0.3678, val_loss:0.8126

epoch [30/1000], train_loss:1.2035, val_loss:0.8124

epoch [31/1000], train_loss:0.7803, val_loss:0.8125

epoch [32/1000], train_loss:0.4418, val_loss:0.8125

epoch [33/1000], train_loss:0.8910, val_loss:0.8124

epoch [34/1000], train_loss:0.4513, val_loss:0.8125

epoch [35/1000], train_loss:0.6362, val_loss:0.8125

epoch [36/1000], train_loss:0.8875, val_loss:0.8126

epoch [37/1000], train_loss:0.3395, val_loss:0.8124

epoch [38/1000], train_loss:0.3198, val_loss:0.8124

epoch [39/1000], train_loss:0.8416, val_loss:0.8128

epoch [40/1000], train_loss:0.7449, val_loss:0.8124

epoch [41/1000], train_loss:0.7560, val_loss:0.8124

epoch [42/1000], train_loss:0.5591, val_loss:0.8124

epoch [43/1000], train_loss:0.5258, val_loss:0.8125

epoch [44/1000], train_loss:0.5269, val_loss:0.8124

epoch [45/1000], train_loss:0.5056, val_loss:0.8124

epoch [46/1000], train_loss:1.2487, val_loss:0.8125

epoch [47/1000], train_loss:1.2028, val_loss:0.8124

epoch [48/1000], train_loss:0.4916, val_loss:0.8124

epoch [49/1000], train_loss:0.3512, val_loss:0.8125

epoch [50/1000], train_loss:0.7932, val_loss:0.8124

epoch [51/1000], train_loss:0.8857, val_loss:0.8123

epoch [52/1000], train_loss:1.0115, val_loss:0.8124

epoch [53/1000], train_loss:0.7809, val_loss:0.8126

epoch [54/1000], train_loss:0.7913, val_loss:0.8123

epoch [55/1000], train_loss:0.4290, val_loss:0.8124

epoch [56/1000], train_loss:0.7640, val_loss:0.8125

epoch [57/1000], train_loss:0.4479, val_loss:0.8123

epoch [58/1000], train_loss:1.1406, val_loss:0.7963

epoch [59/1000], train_loss:0.4754, val_loss:0.7961

epoch [60/1000], train_loss:0.8899, val_loss:0.7964

epoch [61/1000], train_loss:0.7709, val_loss:0.7961

epoch [62/1000], train_loss:0.7533, val_loss:0.7962

epoch [63/1000], train_loss:0.7949, val_loss:0.7961

epoch [64/1000], train_loss:0.8478, val_loss:0.7964

epoch [65/1000], train_loss:0.3341, val_loss:0.7961

epoch [66/1000], train_loss:1.1787, val_loss:0.7961

epoch [67/1000], train_loss:1.3070, val_loss:0.7962

epoch [68/1000], train_loss:0.4331, val_loss:0.7961

epoch [69/1000], train_loss:0.3518, val_loss:0.7961

epoch [70/1000], train_loss:0.4046, val_loss:0.7961

epoch [71/1000], train_loss:0.4748, val_loss:0.7962

epoch [72/1000], train_loss:0.5004, val_loss:0.7962

epoch [73/1000], train_loss:0.7751, val_loss:0.7962

epoch [74/1000], train_loss:0.9063, val_loss:0.7961

epoch [75/1000], train_loss:0.6602, val_loss:0.7961

epoch [76/1000], train_loss:0.3962, val_loss:0.7961

epoch [77/1000], train_loss:1.1163, val_loss:0.7962

epoch [78/1000], train_loss:0.7866, val_loss:0.7961

epoch [79/1000], train_loss:0.5036, val_loss:0.7962

epoch [80/1000], train_loss:0.4941, val_loss:0.7963

epoch [81/1000], train_loss:1.4701, val_loss:0.7960

epoch [82/1000], train_loss:0.6854, val_loss:0.7962

epoch [83/1000], train_loss:0.7128, val_loss:0.7961

epoch [84/1000], train_loss:1.0621, val_loss:0.7962

epoch [85/1000], train_loss:0.4179, val_loss:0.7961

epoch [86/1000], train_loss:0.9735, val_loss:0.7961

epoch [87/1000], train_loss:1.1011, val_loss:0.7961

epoch [88/1000], train_loss:0.8619, val_loss:0.7961

epoch [89/1000], train_loss:1.0029, val_loss:0.7961

epoch [90/1000], train_loss:0.7328, val_loss:0.7962

epoch [91/1000], train_loss:1.1728, val_loss:0.7961

epoch [92/1000], train_loss:0.3992, val_loss:0.7961

epoch [93/1000], train_loss:0.4162, val_loss:0.7961

epoch [94/1000], train_loss:0.9412, val_loss:0.7961

epoch [95/1000], train_loss:0.4364, val_loss:0.7963

epoch [96/1000], train_loss:0.5020, val_loss:0.7961

epoch [97/1000], train_loss:0.3067, val_loss:0.7962

epoch [98/1000], train_loss:0.3608, val_loss:0.7961

epoch [99/1000], train_loss:0.4862, val_loss:0.7961

epoch [100/1000], train_loss:0.4157, val_loss:0.7961

epoch [101/1000], train_loss:0.8646, val_loss:0.7962

epoch [102/1000], train_loss:0.8790, val_loss:0.7962

epoch [103/1000], train_loss:0.5664, val_loss:0.7961

epoch [104/1000], train_loss:0.5112, val_loss:0.7961

epoch [105/1000], train_loss:0.7003, val_loss:0.7961

epoch [106/1000], train_loss:0.4296, val_loss:0.7965

epoch [107/1000], train_loss:1.3625, val_loss:0.7961

epoch [108/1000], train_loss:0.4941, val_loss:0.7961

epoch [109/1000], train_loss:0.8080, val_loss:0.7961

epoch [110/1000], train_loss:0.4388, val_loss:0.7962

epoch [111/1000], train_loss:0.2778, val_loss:0.7961

epoch [112/1000], train_loss:0.7832, val_loss:0.7961

epoch [113/1000], train_loss:0.7949, val_loss:0.7963

epoch [114/1000], train_loss:0.2917, val_loss:0.7961

epoch [115/1000], train_loss:0.3527, val_loss:0.7961

epoch [116/1000], train_loss:0.4887, val_loss:0.7961

epoch [117/1000], train_loss:0.5578, val_loss:0.7961

epoch [118/1000], train_loss:1.0286, val_loss:0.7961

epoch [119/1000], train_loss:0.3882, val_loss:0.7961

epoch [120/1000], train_loss:1.2742, val_loss:0.7961

epoch [121/1000], train_loss:0.8026, val_loss:0.7961

epoch [122/1000], train_loss:0.3567, val_loss:0.7962

epoch [123/1000], train_loss:0.5712, val_loss:0.7961

epoch [124/1000], train_loss:0.8562, val_loss:0.7960

epoch [125/1000], train_loss:1.1986, val_loss:0.7961

epoch [126/1000], train_loss:0.4242, val_loss:0.7961

epoch [127/1000], train_loss:1.3056, val_loss:0.7962

epoch [128/1000], train_loss:0.9616, val_loss:0.7963

epoch [129/1000], train_loss:0.7194, val_loss:0.7960

epoch [130/1000], train_loss:0.9188, val_loss:0.7961

epoch [131/1000], train_loss:0.7766, val_loss:0.7960

epoch [132/1000], train_loss:0.4254, val_loss:0.7964

epoch [133/1000], train_loss:0.8169, val_loss:0.7960

epoch [134/1000], train_loss:0.3875, val_loss:0.7960

epoch [135/1000], train_loss:0.5479, val_loss:0.7961

epoch [136/1000], train_loss:1.6027, val_loss:0.7961

epoch [137/1000], train_loss:0.5286, val_loss:0.7960

epoch [138/1000], train_loss:0.4927, val_loss:0.7961

epoch [139/1000], train_loss:0.2921, val_loss:0.7961

epoch [140/1000], train_loss:0.8577, val_loss:0.7961

epoch [141/1000], train_loss:0.4741, val_loss:0.7960

epoch [142/1000], train_loss:0.8219, val_loss:0.7961

epoch [143/1000], train_loss:0.8616, val_loss:0.7960

epoch [144/1000], train_loss:0.4491, val_loss:0.7961

epoch [145/1000], train_loss:0.4920, val_loss:0.7960

epoch [146/1000], train_loss:0.6998, val_loss:0.7961

epoch [147/1000], train_loss:1.2210, val_loss:0.7961

epoch [148/1000], train_loss:0.8367, val_loss:0.7960

epoch [149/1000], train_loss:0.8434, val_loss:0.7961

epoch [150/1000], train_loss:0.8486, val_loss:0.7961

epoch [151/1000], train_loss:0.3605, val_loss:0.7961

epoch [152/1000], train_loss:0.5420, val_loss:0.7961

epoch [153/1000], train_loss:0.7492, val_loss:0.7961

epoch [154/1000], train_loss:0.4553, val_loss:0.7961

epoch [155/1000], train_loss:0.3937, val_loss:0.7961

epoch [156/1000], train_loss:0.3832, val_loss:0.7962

epoch [157/1000], train_loss:1.2837, val_loss:0.7961

epoch [158/1000], train_loss:0.6712, val_loss:0.7960

epoch [159/1000], train_loss:0.8074, val_loss:0.7961

epoch [160/1000], train_loss:0.8720, val_loss:0.7961

epoch [161/1000], train_loss:0.7202, val_loss:0.7961

epoch [162/1000], train_loss:0.4332, val_loss:0.7960

epoch [163/1000], train_loss:0.5578, val_loss:0.7960

epoch [164/1000], train_loss:1.1889, val_loss:0.7960

epoch [165/1000], train_loss:0.5723, val_loss:0.7961

epoch [166/1000], train_loss:0.3831, val_loss:0.7960

epoch [167/1000], train_loss:0.7901, val_loss:0.7960

epoch [168/1000], train_loss:0.5558, val_loss:0.7961

epoch [169/1000], train_loss:1.2362, val_loss:0.7961

epoch [170/1000], train_loss:0.3614, val_loss:0.7960

epoch [171/1000], train_loss:1.1804, val_loss:0.7960

epoch [172/1000], train_loss:0.3201, val_loss:0.7960

epoch [173/1000], train_loss:1.2863, val_loss:0.7960

epoch [174/1000], train_loss:0.5530, val_loss:0.7961

epoch [175/1000], train_loss:1.7162, val_loss:0.7961

epoch [176/1000], train_loss:0.8233, val_loss:0.7960

epoch [177/1000], train_loss:0.3737, val_loss:0.7961

epoch [178/1000], train_loss:0.2710, val_loss:0.7960

epoch [179/1000], train_loss:0.4134, val_loss:0.7960

epoch [180/1000], train_loss:0.4329, val_loss:0.7961

epoch [181/1000], train_loss:0.8571, val_loss:0.7960

epoch [182/1000], train_loss:0.7926, val_loss:0.7961

epoch [183/1000], train_loss:0.4955, val_loss:0.7961

epoch [184/1000], train_loss:0.7321, val_loss:0.7961

epoch [185/1000], train_loss:0.4255, val_loss:0.7960

epoch [186/1000], train_loss:0.4859, val_loss:0.7962

epoch [187/1000], train_loss:0.3904, val_loss:0.7961

epoch [188/1000], train_loss:0.4736, val_loss:0.7960

epoch [189/1000], train_loss:0.3879, val_loss:0.7961

epoch [190/1000], train_loss:0.5859, val_loss:0.7960

epoch [191/1000], train_loss:0.5591, val_loss:0.7960

epoch [192/1000], train_loss:0.8129, val_loss:0.7960

epoch [193/1000], train_loss:0.5173, val_loss:0.7961

epoch [194/1000], train_loss:1.1108, val_loss:0.7960

epoch [195/1000], train_loss:0.4632, val_loss:0.7961

epoch [196/1000], train_loss:0.8424, val_loss:0.7960

epoch [197/1000], train_loss:0.4165, val_loss:0.7961

epoch [198/1000], train_loss:1.2891, val_loss:0.7960

epoch [199/1000], train_loss:0.8548, val_loss:0.7965

epoch [200/1000], train_loss:0.8626, val_loss:0.7961

epoch [201/1000], train_loss:1.2828, val_loss:0.7961

epoch [202/1000], train_loss:0.3666, val_loss:0.7960

epoch [203/1000], train_loss:1.0924, val_loss:0.7961

epoch [204/1000], train_loss:0.6301, val_loss:0.7961

epoch [205/1000], train_loss:1.1929, val_loss:0.7961

epoch [206/1000], train_loss:0.8606, val_loss:0.7960

epoch [207/1000], train_loss:0.4103, val_loss:0.7961

epoch [208/1000], train_loss:0.3241, val_loss:0.7961

epoch [209/1000], train_loss:0.4093, val_loss:0.7961

epoch [210/1000], train_loss:0.3734, val_loss:0.7961

epoch [211/1000], train_loss:1.3125, val_loss:0.7960

epoch [212/1000], train_loss:0.3544, val_loss:0.7962

epoch [213/1000], train_loss:0.5166, val_loss:0.7961

epoch [214/1000], train_loss:0.2517, val_loss:0.7960

epoch [215/1000], train_loss:0.3879, val_loss:0.7961

epoch [216/1000], train_loss:0.8886, val_loss:0.7961

epoch [217/1000], train_loss:1.1523, val_loss:0.7960

epoch [218/1000], train_loss:0.9451, val_loss:0.7960

epoch [219/1000], train_loss:0.3861, val_loss:0.7961

epoch [220/1000], train_loss:0.3862, val_loss:0.7960

epoch [221/1000], train_loss:0.4428, val_loss:0.7961

epoch [222/1000], train_loss:0.4396, val_loss:0.7961

epoch [223/1000], train_loss:0.8643, val_loss:0.7961

epoch [224/1000], train_loss:0.7751, val_loss:0.7962

epoch [225/1000], train_loss:0.3873, val_loss:0.7961

epoch [226/1000], train_loss:0.7575, val_loss:0.7961

epoch [227/1000], train_loss:0.4074, val_loss:0.7961

epoch [228/1000], train_loss:0.9037, val_loss:0.7965

epoch [229/1000], train_loss:0.5427, val_loss:0.7962

epoch [230/1000], train_loss:0.5444, val_loss:0.7961

epoch [231/1000], train_loss:0.7783, val_loss:0.7961

epoch [232/1000], train_loss:0.5118, val_loss:0.7961

epoch [233/1000], train_loss:0.2944, val_loss:0.7961

epoch [234/1000], train_loss:0.4080, val_loss:0.7961

epoch [235/1000], train_loss:0.3130, val_loss:0.7961

epoch [236/1000], train_loss:0.2985, val_loss:0.7961

epoch [237/1000], train_loss:0.9281, val_loss:0.7961

epoch [238/1000], train_loss:0.8187, val_loss:0.7962

epoch [239/1000], train_loss:0.7693, val_loss:0.7961

epoch [240/1000], train_loss:0.6270, val_loss:0.7961

epoch [241/1000], train_loss:0.5030, val_loss:0.7961

epoch [242/1000], train_loss:0.5637, val_loss:0.7961

epoch [243/1000], train_loss:0.7244, val_loss:0.7961

epoch [244/1000], train_loss:0.3270, val_loss:0.7961

epoch [245/1000], train_loss:0.7530, val_loss:0.7961

epoch [246/1000], train_loss:0.5189, val_loss:0.7960

epoch [247/1000], train_loss:0.7807, val_loss:0.7961

epoch [248/1000], train_loss:0.4265, val_loss:0.7961

epoch [249/1000], train_loss:4.8773, val_loss:0.7961

epoch [250/1000], train_loss:1.5222, val_loss:0.7961

epoch [251/1000], train_loss:0.3928, val_loss:0.7961

epoch [252/1000], train_loss:0.7327, val_loss:0.7961

epoch [253/1000], train_loss:0.8332, val_loss:0.7961

epoch [254/1000], train_loss:0.3695, val_loss:0.7961

epoch [255/1000], train_loss:0.3999, val_loss:0.7962

epoch [256/1000], train_loss:0.8516, val_loss:0.7961

epoch [257/1000], train_loss:0.4127, val_loss:0.7961

epoch [258/1000], train_loss:0.4385, val_loss:0.7962

epoch [259/1000], train_loss:0.7848, val_loss:0.7960

epoch [260/1000], train_loss:0.4291, val_loss:0.7962

epoch [261/1000], train_loss:0.8403, val_loss:0.7961

epoch [262/1000], train_loss:1.1703, val_loss:0.7961

epoch [263/1000], train_loss:0.7751, val_loss:0.7961

epoch [264/1000], train_loss:0.4012, val_loss:0.7961

epoch [265/1000], train_loss:0.3892, val_loss:0.7961

epoch [266/1000], train_loss:0.8471, val_loss:0.7962

epoch [267/1000], train_loss:0.8983, val_loss:0.7961

epoch [268/1000], train_loss:0.4996, val_loss:0.7961

epoch [269/1000], train_loss:1.5777, val_loss:0.7961

epoch [270/1000], train_loss:1.1766, val_loss:0.7961

epoch [271/1000], train_loss:0.4308, val_loss:0.7961

epoch [272/1000], train_loss:0.5161, val_loss:0.7961

epoch [273/1000], train_loss:0.7192, val_loss:0.7962

epoch [274/1000], train_loss:0.4120, val_loss:0.7961

epoch [275/1000], train_loss:1.6933, val_loss:0.7961

epoch [276/1000], train_loss:0.6471, val_loss:0.7961

epoch [277/1000], train_loss:0.9068, val_loss:0.7961

epoch [278/1000], train_loss:0.5163, val_loss:0.7961

epoch [279/1000], train_loss:0.3642, val_loss:0.7961

epoch [280/1000], train_loss:0.4155, val_loss:0.7961

epoch [281/1000], train_loss:0.4246, val_loss:0.7961

epoch [282/1000], train_loss:0.4193, val_loss:0.7961

epoch [283/1000], train_loss:0.3558, val_loss:0.7962

epoch [284/1000], train_loss:0.8408, val_loss:0.7961

epoch [285/1000], train_loss:0.4357, val_loss:0.7961

epoch [286/1000], train_loss:0.7968, val_loss:0.7961

epoch [287/1000], train_loss:1.1783, val_loss:0.7961

epoch [288/1000], train_loss:0.3050, val_loss:0.7961

epoch [289/1000], train_loss:0.9182, val_loss:0.7962

epoch [290/1000], train_loss:0.4605, val_loss:0.7962

epoch [291/1000], train_loss:0.8489, val_loss:0.7961

epoch [292/1000], train_loss:0.4364, val_loss:0.7961

epoch [293/1000], train_loss:0.5146, val_loss:0.7961

epoch [294/1000], train_loss:0.8774, val_loss:0.7961

epoch [295/1000], train_loss:1.0455, val_loss:0.7962

epoch [296/1000], train_loss:0.9570, val_loss:0.7961

epoch [297/1000], train_loss:1.2218, val_loss:0.7961

epoch [298/1000], train_loss:0.5422, val_loss:0.7961

epoch [299/1000], train_loss:0.7898, val_loss:0.7961

epoch [300/1000], train_loss:0.9104, val_loss:0.7961

epoch [301/1000], train_loss:0.3771, val_loss:0.7964

epoch [302/1000], train_loss:0.7994, val_loss:0.7961

epoch [303/1000], train_loss:0.3760, val_loss:0.7961

epoch [304/1000], train_loss:0.3734, val_loss:0.7961

epoch [305/1000], train_loss:0.8348, val_loss:0.7961

epoch [306/1000], train_loss:0.4514, val_loss:0.7961

epoch [307/1000], train_loss:0.3692, val_loss:0.7961

epoch [308/1000], train_loss:0.3340, val_loss:0.7962

epoch [309/1000], train_loss:0.9069, val_loss:0.7961

epoch [310/1000], train_loss:0.8074, val_loss:0.7961

epoch [311/1000], train_loss:0.4040, val_loss:0.7961

epoch [312/1000], train_loss:0.7543, val_loss:0.7962

epoch [313/1000], train_loss:1.1892, val_loss:0.7962

epoch [314/1000], train_loss:0.5565, val_loss:0.7961

epoch [315/1000], train_loss:0.3984, val_loss:0.7961

epoch [316/1000], train_loss:0.3451, val_loss:0.7960

epoch [317/1000], train_loss:0.3852, val_loss:0.7961

epoch [318/1000], train_loss:0.3496, val_loss:0.7961

epoch [319/1000], train_loss:1.1301, val_loss:0.7961

epoch [320/1000], train_loss:0.4812, val_loss:0.7961

epoch [321/1000], train_loss:1.2847, val_loss:0.7962

epoch [322/1000], train_loss:0.4554, val_loss:0.7962

epoch [323/1000], train_loss:4.6610, val_loss:0.7961

epoch [324/1000], train_loss:0.3608, val_loss:0.7961

epoch [325/1000], train_loss:0.7623, val_loss:0.7961

epoch [326/1000], train_loss:3.6474, val_loss:0.7961

epoch [327/1000], train_loss:0.4088, val_loss:0.7961

epoch [328/1000], train_loss:0.7875, val_loss:0.7961

epoch [329/1000], train_loss:1.1345, val_loss:0.7961

epoch [330/1000], train_loss:0.5100, val_loss:0.7961

epoch [331/1000], train_loss:0.8663, val_loss:0.7961

epoch [332/1000], train_loss:0.4313, val_loss:0.7962

epoch [333/1000], train_loss:0.8837, val_loss:0.7961

epoch [334/1000], train_loss:0.4498, val_loss:0.7961

epoch [335/1000], train_loss:0.8055, val_loss:0.7962

epoch [336/1000], train_loss:0.4350, val_loss:0.7961

epoch [337/1000], train_loss:1.2184, val_loss:0.7962

epoch [338/1000], train_loss:0.4308, val_loss:0.7961

epoch [339/1000], train_loss:0.8797, val_loss:0.7966

epoch [340/1000], train_loss:1.1754, val_loss:0.7961

epoch [341/1000], train_loss:0.8662, val_loss:0.7961

epoch [342/1000], train_loss:0.8797, val_loss:0.7961

epoch [343/1000], train_loss:0.3176, val_loss:0.7961

epoch [344/1000], train_loss:0.7636, val_loss:0.7961

epoch [345/1000], train_loss:1.5893, val_loss:0.7961

epoch [346/1000], train_loss:0.8338, val_loss:0.7961

epoch [347/1000], train_loss:0.7544, val_loss:0.7964

epoch [348/1000], train_loss:0.3871, val_loss:0.7961

epoch [349/1000], train_loss:0.8379, val_loss:0.7961

epoch [350/1000], train_loss:0.4222, val_loss:0.7962

epoch [351/1000], train_loss:1.1598, val_loss:0.7962

epoch [352/1000], train_loss:0.6586, val_loss:0.7961

epoch [353/1000], train_loss:0.8877, val_loss:0.7962

epoch [354/1000], train_loss:0.4482, val_loss:0.7962

epoch [355/1000], train_loss:0.4768, val_loss:0.7961

epoch [356/1000], train_loss:0.4200, val_loss:0.7961

epoch [357/1000], train_loss:0.3836, val_loss:0.7961

epoch [358/1000], train_loss:0.8438, val_loss:0.7961

epoch [359/1000], train_loss:0.5358, val_loss:0.7961

epoch [360/1000], train_loss:0.3323, val_loss:0.7961

epoch [361/1000], train_loss:0.6139, val_loss:0.7961

epoch [362/1000], train_loss:0.7601, val_loss:0.7961

epoch [363/1000], train_loss:0.3274, val_loss:0.7963

epoch [364/1000], train_loss:0.4240, val_loss:0.7961

epoch [365/1000], train_loss:0.3361, val_loss:0.7961

epoch [366/1000], train_loss:0.6885, val_loss:0.7963

epoch [367/1000], train_loss:0.3617, val_loss:0.7963

epoch [368/1000], train_loss:0.5227, val_loss:0.7962

epoch [369/1000], train_loss:0.7947, val_loss:0.7961

epoch [370/1000], train_loss:0.4285, val_loss:0.7961

epoch [371/1000], train_loss:0.8820, val_loss:0.7961

epoch [372/1000], train_loss:1.1198, val_loss:0.7961

epoch [373/1000], train_loss:0.7968, val_loss:0.7961

epoch [374/1000], train_loss:0.3677, val_loss:0.7961

epoch [375/1000], train_loss:0.4322, val_loss:0.7961

epoch [376/1000], train_loss:0.3682, val_loss:0.7962

epoch [377/1000], train_loss:0.6245, val_loss:0.7961

epoch [378/1000], train_loss:0.5412, val_loss:0.7964

epoch [379/1000], train_loss:0.7389, val_loss:0.7961

epoch [380/1000], train_loss:0.4865, val_loss:0.7961

epoch [381/1000], train_loss:0.3866, val_loss:0.7961

epoch [382/1000], train_loss:0.3134, val_loss:0.7961

epoch [383/1000], train_loss:0.5207, val_loss:0.7962

epoch [384/1000], train_loss:0.4309, val_loss:0.7961

epoch [385/1000], train_loss:0.3679, val_loss:0.7961

epoch [386/1000], train_loss:0.9265, val_loss:0.7961

epoch [387/1000], train_loss:0.4291, val_loss:0.7961

epoch [388/1000], train_loss:1.6456, val_loss:0.7961

epoch [389/1000], train_loss:0.4259, val_loss:0.7961

epoch [390/1000], train_loss:0.3016, val_loss:0.7961

epoch [391/1000], train_loss:0.5481, val_loss:0.7962

epoch [392/1000], train_loss:0.5089, val_loss:0.7961

epoch [393/1000], train_loss:0.3886, val_loss:0.7961

epoch [394/1000], train_loss:0.4394, val_loss:0.7962

epoch [395/1000], train_loss:0.4912, val_loss:0.7961

epoch [396/1000], train_loss:1.7776, val_loss:0.7961

epoch [397/1000], train_loss:0.4453, val_loss:0.7961

epoch [398/1000], train_loss:0.4665, val_loss:0.7961

epoch [399/1000], train_loss:0.5103, val_loss:0.7962

epoch [400/1000], train_loss:0.3646, val_loss:0.7961

epoch [401/1000], train_loss:0.8279, val_loss:0.7961

epoch [402/1000], train_loss:0.9492, val_loss:0.7961

epoch [403/1000], train_loss:1.2208, val_loss:0.7962

epoch [404/1000], train_loss:0.9541, val_loss:0.7961

epoch [405/1000], train_loss:1.6083, val_loss:0.7961

epoch [406/1000], train_loss:0.3910, val_loss:0.7961

epoch [407/1000], train_loss:0.6126, val_loss:0.7961

epoch [408/1000], train_loss:0.4906, val_loss:0.7961

epoch [409/1000], train_loss:0.5490, val_loss:0.7961

epoch [410/1000], train_loss:0.8212, val_loss:0.7961

epoch [411/1000], train_loss:0.4689, val_loss:0.7961

epoch [412/1000], train_loss:0.3645, val_loss:0.7961

epoch [413/1000], train_loss:0.8927, val_loss:0.7961

epoch [414/1000], train_loss:0.4329, val_loss:0.7961

epoch [415/1000], train_loss:0.7581, val_loss:0.7962

epoch [416/1000], train_loss:1.1925, val_loss:0.7961

epoch [417/1000], train_loss:0.4030, val_loss:0.7961

epoch [418/1000], train_loss:0.4055, val_loss:0.7961

epoch [419/1000], train_loss:1.2506, val_loss:0.7961

epoch [420/1000], train_loss:6.2640, val_loss:0.7962

epoch [421/1000], train_loss:0.7676, val_loss:0.7961

epoch [422/1000], train_loss:1.0737, val_loss:0.7961

epoch [423/1000], train_loss:0.8722, val_loss:0.7961

epoch [424/1000], train_loss:0.4955, val_loss:0.7961

epoch [425/1000], train_loss:0.9689, val_loss:0.7961

epoch [426/1000], train_loss:0.3850, val_loss:0.7961

epoch [427/1000], train_loss:0.3479, val_loss:0.7961

epoch [428/1000], train_loss:1.1416, val_loss:0.7961

epoch [429/1000], train_loss:0.3888, val_loss:0.7961

epoch [430/1000], train_loss:0.8749, val_loss:0.7961

epoch [431/1000], train_loss:1.1286, val_loss:0.7962

epoch [432/1000], train_loss:1.0071, val_loss:0.7961

epoch [433/1000], train_loss:0.4868, val_loss:0.7961

epoch [434/1000], train_loss:0.4633, val_loss:0.7961

epoch [435/1000], train_loss:0.7743, val_loss:0.7961

epoch [436/1000], train_loss:0.4676, val_loss:0.7961

epoch [437/1000], train_loss:0.8316, val_loss:0.7961

epoch [438/1000], train_loss:1.0055, val_loss:0.7961

epoch [439/1000], train_loss:0.3987, val_loss:0.7961

epoch [440/1000], train_loss:1.1719, val_loss:0.7961

epoch [441/1000], train_loss:0.3801, val_loss:0.7961

epoch [442/1000], train_loss:0.7779, val_loss:0.7961

epoch [443/1000], train_loss:0.4573, val_loss:0.7962

epoch [444/1000], train_loss:0.7777, val_loss:0.7961

epoch [445/1000], train_loss:0.4644, val_loss:0.7961

epoch [446/1000], train_loss:0.4790, val_loss:0.7961

epoch [447/1000], train_loss:0.4143, val_loss:0.7961

epoch [448/1000], train_loss:0.2706, val_loss:0.7961

epoch [449/1000], train_loss:0.4205, val_loss:0.7961

epoch [450/1000], train_loss:0.8688, val_loss:0.7961

epoch [451/1000], train_loss:1.1562, val_loss:0.7962

epoch [452/1000], train_loss:0.7034, val_loss:0.7962

epoch [453/1000], train_loss:0.8251, val_loss:0.7961

epoch [454/1000], train_loss:0.8038, val_loss:0.7961

epoch [455/1000], train_loss:0.7266, val_loss:0.7961

epoch [456/1000], train_loss:0.6136, val_loss:0.7961

epoch [457/1000], train_loss:0.3968, val_loss:0.7961

epoch [458/1000], train_loss:0.7810, val_loss:0.7961

epoch [459/1000], train_loss:0.3270, val_loss:0.7961

epoch [460/1000], train_loss:0.4342, val_loss:0.7961

epoch [461/1000], train_loss:0.5577, val_loss:0.7961

epoch [462/1000], train_loss:0.8610, val_loss:0.7961

epoch [463/1000], train_loss:0.4495, val_loss:0.7961

epoch [464/1000], train_loss:0.9155, val_loss:0.7961

epoch [465/1000], train_loss:0.8032, val_loss:0.7962

epoch [466/1000], train_loss:0.3683, val_loss:0.7963

epoch [467/1000], train_loss:6.2458, val_loss:0.7961

epoch [468/1000], train_loss:0.7706, val_loss:0.7961

epoch [469/1000], train_loss:0.7607, val_loss:0.7961

epoch [470/1000], train_loss:0.7397, val_loss:0.7961

epoch [471/1000], train_loss:1.1124, val_loss:0.7961

epoch [472/1000], train_loss:0.4356, val_loss:0.7961

epoch [473/1000], train_loss:0.5375, val_loss:0.7961

epoch [474/1000], train_loss:1.1428, val_loss:0.7962

epoch [475/1000], train_loss:0.5086, val_loss:0.7961

epoch [476/1000], train_loss:0.8705, val_loss:0.7961

epoch [477/1000], train_loss:0.4350, val_loss:0.7961

epoch [478/1000], train_loss:0.4373, val_loss:0.7961

epoch [479/1000], train_loss:0.4300, val_loss:0.7963

epoch [480/1000], train_loss:1.2386, val_loss:0.7963

epoch [481/1000], train_loss:0.3466, val_loss:0.7961

epoch [482/1000], train_loss:0.8201, val_loss:0.7963

epoch [483/1000], train_loss:0.4536, val_loss:0.7961

epoch [484/1000], train_loss:0.8195, val_loss:0.7964

epoch [485/1000], train_loss:1.0981, val_loss:0.7961

epoch [486/1000], train_loss:0.4465, val_loss:0.7961

epoch [487/1000], train_loss:0.3609, val_loss:0.7961

epoch [488/1000], train_loss:0.4602, val_loss:0.7961

epoch [489/1000], train_loss:0.5991, val_loss:0.7961

epoch [490/1000], train_loss:1.3049, val_loss:0.7961

epoch [491/1000], train_loss:0.3290, val_loss:0.7961

epoch [492/1000], train_loss:0.9022, val_loss:0.7961

epoch [493/1000], train_loss:0.7759, val_loss:0.7961

epoch [494/1000], train_loss:0.8911, val_loss:0.7961

epoch [495/1000], train_loss:0.8763, val_loss:0.7962

epoch [496/1000], train_loss:0.4560, val_loss:0.7961

epoch [497/1000], train_loss:0.4804, val_loss:0.7961

epoch [498/1000], train_loss:2.8236, val_loss:0.7962

epoch [499/1000], train_loss:0.9219, val_loss:0.7961

epoch [500/1000], train_loss:0.8853, val_loss:0.7961

epoch [501/1000], train_loss:0.7347, val_loss:0.7961

epoch [502/1000], train_loss:0.5519, val_loss:0.7962

epoch [503/1000], train_loss:0.8640, val_loss:0.7961

epoch [504/1000], train_loss:0.6860, val_loss:0.7963

epoch [505/1000], train_loss:0.7590, val_loss:0.7961

epoch [506/1000], train_loss:0.4085, val_loss:0.7961

epoch [507/1000], train_loss:0.3905, val_loss:0.7961

epoch [508/1000], train_loss:0.3380, val_loss:0.7961

epoch [509/1000], train_loss:0.4523, val_loss:0.7961

epoch [510/1000], train_loss:0.5628, val_loss:0.7961

epoch [511/1000], train_loss:0.4052, val_loss:0.7961

epoch [512/1000], train_loss:0.4576, val_loss:0.7961

epoch [513/1000], train_loss:0.7150, val_loss:0.7961

epoch [514/1000], train_loss:0.2381, val_loss:0.7961

epoch [515/1000], train_loss:0.8581, val_loss:0.7962

epoch [516/1000], train_loss:0.4481, val_loss:0.7961

epoch [517/1000], train_loss:0.3375, val_loss:0.7960

epoch [518/1000], train_loss:0.8964, val_loss:0.7961

epoch [519/1000], train_loss:0.8986, val_loss:0.7961

epoch [520/1000], train_loss:0.5563, val_loss:0.7961

epoch [521/1000], train_loss:0.6055, val_loss:0.7961

epoch [522/1000], train_loss:0.3815, val_loss:0.7961

epoch [523/1000], train_loss:0.4322, val_loss:0.7961

epoch [524/1000], train_loss:0.7753, val_loss:0.7961

epoch [525/1000], train_loss:0.8172, val_loss:0.7961

epoch [526/1000], train_loss:0.3890, val_loss:0.7962

epoch [527/1000], train_loss:0.5676, val_loss:0.7961

epoch [528/1000], train_loss:0.4270, val_loss:0.7961

epoch [529/1000], train_loss:0.4418, val_loss:0.7961

epoch [530/1000], train_loss:0.2914, val_loss:0.7961

epoch [531/1000], train_loss:0.9143, val_loss:0.7961

epoch [532/1000], train_loss:0.3372, val_loss:0.7961

epoch [533/1000], train_loss:1.3261, val_loss:0.7961

epoch [534/1000], train_loss:0.7551, val_loss:0.7961

epoch [535/1000], train_loss:0.5954, val_loss:0.7961

epoch [536/1000], train_loss:0.4188, val_loss:0.7961

epoch [537/1000], train_loss:3.3998, val_loss:0.7963

epoch [538/1000], train_loss:0.5379, val_loss:0.7961

epoch [539/1000], train_loss:0.6412, val_loss:0.7961

epoch [540/1000], train_loss:0.3763, val_loss:0.7961

epoch [541/1000], train_loss:0.4773, val_loss:0.7961

epoch [542/1000], train_loss:1.3099, val_loss:0.7961

epoch [543/1000], train_loss:0.4609, val_loss:0.7961

epoch [544/1000], train_loss:0.6960, val_loss:0.7961

epoch [545/1000], train_loss:0.4773, val_loss:0.7961

epoch [546/1000], train_loss:0.8349, val_loss:0.7961

epoch [547/1000], train_loss:0.3205, val_loss:0.7961

epoch [548/1000], train_loss:0.5334, val_loss:0.7961

epoch [549/1000], train_loss:0.3336, val_loss:0.7961

epoch [550/1000], train_loss:0.7525, val_loss:0.7962

epoch [551/1000], train_loss:0.8013, val_loss:0.7961

epoch [552/1000], train_loss:0.5275, val_loss:0.7961

epoch [553/1000], train_loss:0.4438, val_loss:0.7961

epoch [554/1000], train_loss:1.2072, val_loss:0.7961

epoch [555/1000], train_loss:0.4182, val_loss:0.7961

epoch [556/1000], train_loss:0.4412, val_loss:0.7961

epoch [557/1000], train_loss:0.8234, val_loss:0.7961

epoch [558/1000], train_loss:0.4649, val_loss:0.7961

epoch [559/1000], train_loss:0.7032, val_loss:0.7962

epoch [560/1000], train_loss:0.7595, val_loss:0.7961

epoch [561/1000], train_loss:1.3046, val_loss:0.7961

epoch [562/1000], train_loss:0.7751, val_loss:0.7961

epoch [563/1000], train_loss:1.1838, val_loss:0.7961

epoch [564/1000], train_loss:1.5681, val_loss:0.7962

epoch [565/1000], train_loss:0.8366, val_loss:0.7961

epoch [566/1000], train_loss:0.8661, val_loss:0.7961

epoch [567/1000], train_loss:0.6854, val_loss:0.7961

epoch [568/1000], train_loss:1.1842, val_loss:0.7961

epoch [569/1000], train_loss:0.3007, val_loss:0.7963

epoch [570/1000], train_loss:0.5077, val_loss:0.7963

epoch [571/1000], train_loss:1.5681, val_loss:0.7961

epoch [572/1000], train_loss:0.5130, val_loss:0.7963

epoch [573/1000], train_loss:0.4539, val_loss:0.7961

epoch [574/1000], train_loss:0.9264, val_loss:0.7961

epoch [575/1000], train_loss:0.8939, val_loss:0.7961

epoch [576/1000], train_loss:0.4808, val_loss:0.7961

epoch [577/1000], train_loss:0.7870, val_loss:0.7961

epoch [578/1000], train_loss:0.4979, val_loss:0.7961

epoch [579/1000], train_loss:0.9423, val_loss:0.7961

epoch [580/1000], train_loss:0.9528, val_loss:0.7961

epoch [581/1000], train_loss:0.4919, val_loss:0.7961

epoch [582/1000], train_loss:0.7845, val_loss:0.7961

epoch [583/1000], train_loss:0.3935, val_loss:0.7961

epoch [584/1000], train_loss:0.5210, val_loss:0.7961

epoch [585/1000], train_loss:2.2560, val_loss:0.7961

epoch [586/1000], train_loss:0.8782, val_loss:0.7961

epoch [587/1000], train_loss:0.4910, val_loss:0.7961

epoch [588/1000], train_loss:0.3901, val_loss:0.7961

epoch [589/1000], train_loss:0.3426, val_loss:0.7961

epoch [590/1000], train_loss:0.9340, val_loss:0.7961

epoch [591/1000], train_loss:1.0640, val_loss:0.7961

epoch [592/1000], train_loss:0.8501, val_loss:0.7961

epoch [593/1000], train_loss:0.4123, val_loss:0.7961

epoch [594/1000], train_loss:0.7259, val_loss:0.7961

epoch [595/1000], train_loss:3.9546, val_loss:0.7961

epoch [596/1000], train_loss:1.2876, val_loss:0.7961

epoch [597/1000], train_loss:0.4157, val_loss:0.7961

epoch [598/1000], train_loss:0.9174, val_loss:0.7961

epoch [599/1000], train_loss:0.9730, val_loss:0.7962

epoch [600/1000], train_loss:0.4288, val_loss:0.7961

epoch [601/1000], train_loss:0.8528, val_loss:0.7961

epoch [602/1000], train_loss:0.8320, val_loss:0.7961

epoch [603/1000], train_loss:0.5115, val_loss:0.7961

epoch [604/1000], train_loss:0.3743, val_loss:0.7961

epoch [605/1000], train_loss:0.4972, val_loss:0.7961

epoch [606/1000], train_loss:0.4162, val_loss:0.7961

epoch [607/1000], train_loss:0.3045, val_loss:0.7961

epoch [608/1000], train_loss:0.7202, val_loss:0.7961

epoch [609/1000], train_loss:1.2717, val_loss:0.7961

epoch [610/1000], train_loss:0.9485, val_loss:0.7962

epoch [611/1000], train_loss:1.0939, val_loss:0.7961

epoch [612/1000], train_loss:0.8588, val_loss:0.7961

epoch [613/1000], train_loss:0.3151, val_loss:0.7962

epoch [614/1000], train_loss:0.3414, val_loss:0.7961

epoch [615/1000], train_loss:0.3546, val_loss:0.7961

epoch [616/1000], train_loss:0.4305, val_loss:0.7961

epoch [617/1000], train_loss:0.5553, val_loss:0.7961

epoch [618/1000], train_loss:0.2898, val_loss:0.7961

epoch [619/1000], train_loss:0.8011, val_loss:0.7961

epoch [620/1000], train_loss:0.5089, val_loss:0.7961

epoch [621/1000], train_loss:1.0337, val_loss:0.7961

epoch [622/1000], train_loss:0.8348, val_loss:0.7961

epoch [623/1000], train_loss:0.4668, val_loss:0.7961

epoch [624/1000], train_loss:0.4883, val_loss:0.7961

epoch [625/1000], train_loss:1.3072, val_loss:0.7961

epoch [626/1000], train_loss:0.4263, val_loss:0.7961

epoch [627/1000], train_loss:0.4886, val_loss:0.7961

epoch [628/1000], train_loss:1.2886, val_loss:0.7961

epoch [629/1000], train_loss:0.4175, val_loss:0.7961

epoch [630/1000], train_loss:0.7004, val_loss:0.7962

epoch [631/1000], train_loss:0.4641, val_loss:0.7961

epoch [632/1000], train_loss:1.0674, val_loss:0.7961

epoch [633/1000], train_loss:0.4329, val_loss:0.7961

epoch [634/1000], train_loss:0.4867, val_loss:0.7960

epoch [635/1000], train_loss:0.3389, val_loss:0.7961

epoch [636/1000], train_loss:0.7683, val_loss:0.7961

epoch [637/1000], train_loss:0.7851, val_loss:0.7961

epoch [638/1000], train_loss:0.8409, val_loss:0.7961

epoch [639/1000], train_loss:0.7877, val_loss:0.7961

epoch [640/1000], train_loss:1.5040, val_loss:0.7961

epoch [641/1000], train_loss:0.5975, val_loss:0.7961

epoch [642/1000], train_loss:0.4093, val_loss:0.7961

epoch [643/1000], train_loss:0.3942, val_loss:0.7961

epoch [644/1000], train_loss:1.9000, val_loss:0.7961

epoch [645/1000], train_loss:1.2913, val_loss:0.7962

epoch [646/1000], train_loss:0.4489, val_loss:0.7961

epoch [647/1000], train_loss:1.3167, val_loss:0.7961

epoch [648/1000], train_loss:0.4076, val_loss:0.7962

epoch [649/1000], train_loss:0.5417, val_loss:0.7961

epoch [650/1000], train_loss:0.4744, val_loss:0.7961

epoch [651/1000], train_loss:0.9034, val_loss:0.7961

epoch [652/1000], train_loss:0.8938, val_loss:0.7961

epoch [653/1000], train_loss:0.4279, val_loss:0.7961

epoch [654/1000], train_loss:0.4363, val_loss:0.7961

epoch [655/1000], train_loss:0.3868, val_loss:0.7962

epoch [656/1000], train_loss:0.8071, val_loss:0.7961

epoch [657/1000], train_loss:0.7695, val_loss:0.7961

epoch [658/1000], train_loss:3.1175, val_loss:0.7961

epoch [659/1000], train_loss:0.7595, val_loss:0.7961

epoch [660/1000], train_loss:1.2390, val_loss:0.7961

epoch [661/1000], train_loss:0.5922, val_loss:0.7961

epoch [662/1000], train_loss:0.8604, val_loss:0.7961

epoch [663/1000], train_loss:0.8186, val_loss:0.7961

epoch [664/1000], train_loss:1.4312, val_loss:0.7961

epoch [665/1000], train_loss:0.4094, val_loss:0.7961

epoch [666/1000], train_loss:0.4272, val_loss:0.7961

epoch [667/1000], train_loss:0.3865, val_loss:0.7961

epoch [668/1000], train_loss:0.3197, val_loss:0.7961

epoch [669/1000], train_loss:0.8450, val_loss:0.7961

epoch [670/1000], train_loss:0.7203, val_loss:0.7962

epoch [671/1000], train_loss:0.9652, val_loss:0.7961

epoch [672/1000], train_loss:0.4469, val_loss:0.7961

epoch [673/1000], train_loss:0.8856, val_loss:0.7961

epoch [674/1000], train_loss:1.0027, val_loss:0.7961

epoch [675/1000], train_loss:0.3919, val_loss:0.7961

epoch [676/1000], train_loss:2.8448, val_loss:0.7961

epoch [677/1000], train_loss:0.7360, val_loss:0.7961

epoch [678/1000], train_loss:0.4383, val_loss:0.7962

epoch [679/1000], train_loss:0.4821, val_loss:0.7962

epoch [680/1000], train_loss:0.8396, val_loss:0.7961

epoch [681/1000], train_loss:0.8562, val_loss:0.7961

epoch [682/1000], train_loss:0.4636, val_loss:0.7961

epoch [683/1000], train_loss:0.3358, val_loss:0.7961

epoch [684/1000], train_loss:0.4572, val_loss:0.7962

epoch [685/1000], train_loss:0.8369, val_loss:0.7961

epoch [686/1000], train_loss:0.7210, val_loss:0.7961

epoch [687/1000], train_loss:0.8127, val_loss:0.7961

epoch [688/1000], train_loss:0.3914, val_loss:0.7962

epoch [689/1000], train_loss:0.5516, val_loss:0.7961

epoch [690/1000], train_loss:0.4751, val_loss:0.7962

epoch [691/1000], train_loss:0.8792, val_loss:0.7961

epoch [692/1000], train_loss:0.4331, val_loss:0.7961

epoch [693/1000], train_loss:0.4408, val_loss:0.7961

epoch [694/1000], train_loss:0.7566, val_loss:0.7961

epoch [695/1000], train_loss:1.3267, val_loss:0.7961

epoch [696/1000], train_loss:0.8455, val_loss:0.7961

epoch [697/1000], train_loss:2.2101, val_loss:0.7962

epoch [698/1000], train_loss:0.5464, val_loss:0.7961

epoch [699/1000], train_loss:0.8138, val_loss:0.7961

epoch [700/1000], train_loss:1.0402, val_loss:0.7961

epoch [701/1000], train_loss:22.5922, val_loss:0.7963

epoch [702/1000], train_loss:0.4144, val_loss:0.7961

epoch [703/1000], train_loss:0.7566, val_loss:0.7961

epoch [704/1000], train_loss:1.0453, val_loss:0.7961

epoch [705/1000], train_loss:0.5421, val_loss:0.7961

epoch [706/1000], train_loss:0.4773, val_loss:0.7961

epoch [707/1000], train_loss:1.1885, val_loss:0.7961

epoch [708/1000], train_loss:1.2172, val_loss:0.7961

epoch [709/1000], train_loss:0.6258, val_loss:0.7961

epoch [710/1000], train_loss:0.3787, val_loss:0.7961

epoch [711/1000], train_loss:0.7468, val_loss:0.7961

epoch [712/1000], train_loss:0.4267, val_loss:0.7961

epoch [713/1000], train_loss:1.1655, val_loss:0.7961

epoch [714/1000], train_loss:0.5512, val_loss:0.7962

epoch [715/1000], train_loss:2.6269, val_loss:0.7961

epoch [716/1000], train_loss:1.0764, val_loss:0.7961

epoch [717/1000], train_loss:0.3562, val_loss:0.7961

epoch [718/1000], train_loss:0.4341, val_loss:0.7961

epoch [719/1000], train_loss:0.4567, val_loss:0.7961

epoch [720/1000], train_loss:1.6094, val_loss:0.7961

epoch [721/1000], train_loss:0.7892, val_loss:0.7962

epoch [722/1000], train_loss:0.9695, val_loss:0.7961

epoch [723/1000], train_loss:0.3868, val_loss:0.7961

epoch [724/1000], train_loss:0.8402, val_loss:0.7961

epoch [725/1000], train_loss:0.5725, val_loss:0.7962

epoch [726/1000], train_loss:0.4427, val_loss:0.7961

epoch [727/1000], train_loss:1.4244, val_loss:0.7961

epoch [728/1000], train_loss:0.6799, val_loss:0.7961

epoch [729/1000], train_loss:1.2807, val_loss:0.7961

epoch [730/1000], train_loss:1.3069, val_loss:0.7960

epoch [731/1000], train_loss:0.8565, val_loss:0.7961

epoch [732/1000], train_loss:0.8746, val_loss:0.7961

epoch [733/1000], train_loss:0.5742, val_loss:0.7961

epoch [734/1000], train_loss:0.8617, val_loss:0.7961

epoch [735/1000], train_loss:0.3797, val_loss:0.7961

epoch [736/1000], train_loss:0.4745, val_loss:0.7961

epoch [737/1000], train_loss:0.4161, val_loss:0.7962

epoch [738/1000], train_loss:0.4877, val_loss:0.7961

epoch [739/1000], train_loss:0.4628, val_loss:0.7961

epoch [740/1000], train_loss:0.8396, val_loss:0.7961

epoch [741/1000], train_loss:0.9398, val_loss:0.7961

epoch [742/1000], train_loss:0.8754, val_loss:0.7962

epoch [743/1000], train_loss:0.9131, val_loss:0.7961

epoch [744/1000], train_loss:0.5441, val_loss:0.7961

epoch [745/1000], train_loss:0.4948, val_loss:0.7961

epoch [746/1000], train_loss:0.4203, val_loss:0.7962

epoch [747/1000], train_loss:0.3985, val_loss:0.7961

epoch [748/1000], train_loss:0.8763, val_loss:0.7961

epoch [749/1000], train_loss:0.4796, val_loss:0.7961

epoch [750/1000], train_loss:0.4069, val_loss:0.7961

epoch [751/1000], train_loss:0.3265, val_loss:0.7961

epoch [752/1000], train_loss:0.3804, val_loss:0.7964

epoch [753/1000], train_loss:1.7281, val_loss:0.7961

epoch [754/1000], train_loss:0.7361, val_loss:0.7961

epoch [755/1000], train_loss:0.4251, val_loss:0.7961

epoch [756/1000], train_loss:1.2156, val_loss:0.7961

epoch [757/1000], train_loss:0.5034, val_loss:0.7961

epoch [758/1000], train_loss:1.2059, val_loss:0.7961

epoch [759/1000], train_loss:0.4606, val_loss:0.7961

epoch [760/1000], train_loss:0.7595, val_loss:0.7961

epoch [761/1000], train_loss:0.7474, val_loss:0.7962

epoch [762/1000], train_loss:0.3235, val_loss:0.7961

epoch [763/1000], train_loss:0.5115, val_loss:0.7961

epoch [764/1000], train_loss:0.9323, val_loss:0.7961

epoch [765/1000], train_loss:0.4221, val_loss:0.7961

epoch [766/1000], train_loss:0.7656, val_loss:0.7962

epoch [767/1000], train_loss:0.8688, val_loss:0.7961

epoch [768/1000], train_loss:0.8082, val_loss:0.7961

epoch [769/1000], train_loss:1.5781, val_loss:0.7961

epoch [770/1000], train_loss:1.2012, val_loss:0.7962

epoch [771/1000], train_loss:0.7403, val_loss:0.7961

epoch [772/1000], train_loss:0.3838, val_loss:0.7961

epoch [773/1000], train_loss:0.4562, val_loss:0.7961

epoch [774/1000], train_loss:0.4268, val_loss:0.7962

epoch [775/1000], train_loss:0.3291, val_loss:0.7961

epoch [776/1000], train_loss:0.8013, val_loss:0.7961

epoch [777/1000], train_loss:0.3307, val_loss:0.7961

epoch [778/1000], train_loss:0.9064, val_loss:0.7961

epoch [779/1000], train_loss:0.6673, val_loss:0.7961

epoch [780/1000], train_loss:0.9137, val_loss:0.7961

epoch [781/1000], train_loss:0.7125, val_loss:0.7961

epoch [782/1000], train_loss:0.9255, val_loss:0.7961

epoch [783/1000], train_loss:1.6270, val_loss:0.7961

epoch [784/1000], train_loss:0.9126, val_loss:0.7961

epoch [785/1000], train_loss:0.3564, val_loss:0.7961

epoch [786/1000], train_loss:0.4362, val_loss:0.7961

epoch [787/1000], train_loss:0.3803, val_loss:0.7961

epoch [788/1000], train_loss:0.4300, val_loss:0.7961

epoch [789/1000], train_loss:0.9232, val_loss:0.7964

epoch [790/1000], train_loss:0.4898, val_loss:0.7961

epoch [791/1000], train_loss:0.7808, val_loss:0.7961

epoch [792/1000], train_loss:0.4092, val_loss:0.7961

epoch [793/1000], train_loss:1.1341, val_loss:0.7961

epoch [794/1000], train_loss:0.4617, val_loss:0.7961

epoch [795/1000], train_loss:0.5416, val_loss:0.7961

epoch [796/1000], train_loss:0.5104, val_loss:0.7961

epoch [797/1000], train_loss:0.9011, val_loss:0.7961

epoch [798/1000], train_loss:0.5064, val_loss:0.7961

epoch [799/1000], train_loss:0.8942, val_loss:0.7961

epoch [800/1000], train_loss:0.3993, val_loss:0.7961

epoch [801/1000], train_loss:0.8841, val_loss:0.7961

epoch [802/1000], train_loss:0.9773, val_loss:0.7961

epoch [803/1000], train_loss:0.4823, val_loss:0.7962

epoch [804/1000], train_loss:0.8594, val_loss:0.7961

epoch [805/1000], train_loss:0.4354, val_loss:0.7961

epoch [806/1000], train_loss:0.4643, val_loss:0.7961

epoch [807/1000], train_loss:0.7126, val_loss:0.7961

epoch [808/1000], train_loss:0.3901, val_loss:0.7961

epoch [809/1000], train_loss:0.3647, val_loss:0.7961

epoch [810/1000], train_loss:0.8429, val_loss:0.7961

epoch [811/1000], train_loss:0.4721, val_loss:0.7961

epoch [812/1000], train_loss:1.2344, val_loss:0.7961

epoch [813/1000], train_loss:0.4634, val_loss:0.7961

epoch [814/1000], train_loss:0.3278, val_loss:0.7961

epoch [815/1000], train_loss:0.4227, val_loss:0.7961

epoch [816/1000], train_loss:0.9072, val_loss:0.7962

epoch [817/1000], train_loss:0.7484, val_loss:0.7961

epoch [818/1000], train_loss:0.3472, val_loss:0.7964

epoch [819/1000], train_loss:1.5792, val_loss:0.7961

epoch [820/1000], train_loss:0.2941, val_loss:0.7961

epoch [821/1000], train_loss:0.4802, val_loss:0.7961

epoch [822/1000], train_loss:0.3442, val_loss:0.7961

epoch [823/1000], train_loss:0.5527, val_loss:0.7961

epoch [824/1000], train_loss:0.4924, val_loss:0.7961

epoch [825/1000], train_loss:0.2542, val_loss:0.7961

epoch [826/1000], train_loss:0.8165, val_loss:0.7961

epoch [827/1000], train_loss:0.7714, val_loss:0.7963

epoch [828/1000], train_loss:0.3608, val_loss:0.7961

epoch [829/1000], train_loss:0.8373, val_loss:0.7961

epoch [830/1000], train_loss:0.8572, val_loss:0.7961

epoch [831/1000], train_loss:0.3902, val_loss:0.7961

epoch [832/1000], train_loss:0.3923, val_loss:0.7961

epoch [833/1000], train_loss:1.2379, val_loss:0.7961

epoch [834/1000], train_loss:0.5785, val_loss:0.7961

epoch [835/1000], train_loss:0.5620, val_loss:0.7961

epoch [836/1000], train_loss:0.3810, val_loss:0.7961

epoch [837/1000], train_loss:1.5414, val_loss:0.7961

epoch [838/1000], train_loss:1.6146, val_loss:0.7961

epoch [839/1000], train_loss:0.3750, val_loss:0.7963

epoch [840/1000], train_loss:0.4187, val_loss:0.7961

epoch [841/1000], train_loss:0.4760, val_loss:0.7961

epoch [842/1000], train_loss:0.3633, val_loss:0.7961

epoch [843/1000], train_loss:1.0968, val_loss:0.7961

epoch [844/1000], train_loss:0.4583, val_loss:0.7961

epoch [845/1000], train_loss:1.1662, val_loss:0.7961

epoch [846/1000], train_loss:0.3831, val_loss:0.7961

epoch [847/1000], train_loss:0.5185, val_loss:0.7961

epoch [848/1000], train_loss:0.8909, val_loss:0.7961

epoch [849/1000], train_loss:0.7954, val_loss:0.7961

epoch [850/1000], train_loss:0.4100, val_loss:0.7961

epoch [851/1000], train_loss:0.8534, val_loss:0.7961

epoch [852/1000], train_loss:1.5629, val_loss:0.7963

epoch [853/1000], train_loss:1.1502, val_loss:0.7961

epoch [854/1000], train_loss:0.4237, val_loss:0.7961

epoch [855/1000], train_loss:0.4721, val_loss:0.7961

epoch [856/1000], train_loss:0.6243, val_loss:0.7961

epoch [857/1000], train_loss:0.6450, val_loss:0.7961

epoch [858/1000], train_loss:0.3515, val_loss:0.7961

epoch [859/1000], train_loss:0.4125, val_loss:0.7961

epoch [860/1000], train_loss:0.4312, val_loss:0.7961

epoch [861/1000], train_loss:0.9091, val_loss:0.7961

epoch [862/1000], train_loss:0.4532, val_loss:0.7961

epoch [863/1000], train_loss:0.7343, val_loss:0.7961

epoch [864/1000], train_loss:0.7725, val_loss:0.7961

epoch [865/1000], train_loss:0.4721, val_loss:0.7961

epoch [866/1000], train_loss:0.3647, val_loss:0.7961

epoch [867/1000], train_loss:0.5397, val_loss:0.7962

epoch [868/1000], train_loss:0.9003, val_loss:0.7961

epoch [869/1000], train_loss:0.3844, val_loss:0.7962

epoch [870/1000], train_loss:1.1040, val_loss:0.7962

epoch [871/1000], train_loss:0.9386, val_loss:0.7961

epoch [872/1000], train_loss:0.4705, val_loss:0.7961

epoch [873/1000], train_loss:0.9542, val_loss:0.7961

epoch [874/1000], train_loss:0.4334, val_loss:0.7961

epoch [875/1000], train_loss:0.4114, val_loss:0.7961

epoch [876/1000], train_loss:0.8794, val_loss:0.7961

epoch [877/1000], train_loss:0.4462, val_loss:0.7961

epoch [878/1000], train_loss:1.1807, val_loss:0.7961

epoch [879/1000], train_loss:1.7537, val_loss:0.7961

epoch [880/1000], train_loss:0.5429, val_loss:0.7961

epoch [881/1000], train_loss:1.1148, val_loss:0.7961

epoch [882/1000], train_loss:0.8388, val_loss:0.7961

epoch [883/1000], train_loss:0.6115, val_loss:0.7962

epoch [884/1000], train_loss:0.5770, val_loss:0.7961

epoch [885/1000], train_loss:0.4306, val_loss:0.7961

epoch [886/1000], train_loss:0.8658, val_loss:0.7961

epoch [887/1000], train_loss:22.6655, val_loss:0.7961

epoch [888/1000], train_loss:0.9030, val_loss:0.7961

epoch [889/1000], train_loss:0.3787, val_loss:0.7961

epoch [890/1000], train_loss:2.2769, val_loss:0.7961

epoch [891/1000], train_loss:0.4453, val_loss:0.7961

epoch [892/1000], train_loss:0.4569, val_loss:0.7961

epoch [893/1000], train_loss:0.4471, val_loss:0.7961

epoch [894/1000], train_loss:0.4234, val_loss:0.7961

epoch [895/1000], train_loss:0.5166, val_loss:0.7961

epoch [896/1000], train_loss:0.8867, val_loss:0.7961

epoch [897/1000], train_loss:0.5017, val_loss:0.7961

epoch [898/1000], train_loss:0.8264, val_loss:0.7961

epoch [899/1000], train_loss:4.2278, val_loss:0.7961

epoch [900/1000], train_loss:0.3521, val_loss:0.7961

epoch [901/1000], train_loss:1.3516, val_loss:0.7961

epoch [902/1000], train_loss:0.8782, val_loss:0.7961

epoch [903/1000], train_loss:0.4570, val_loss:0.7962

epoch [904/1000], train_loss:0.8100, val_loss:0.7961

epoch [905/1000], train_loss:0.3390, val_loss:0.7961

epoch [906/1000], train_loss:4.4331, val_loss:0.7962

epoch [907/1000], train_loss:0.4746, val_loss:0.7961

epoch [908/1000], train_loss:0.8711, val_loss:0.7962

epoch [909/1000], train_loss:0.4401, val_loss:0.7961

epoch [910/1000], train_loss:0.4355, val_loss:0.7961

epoch [911/1000], train_loss:0.6292, val_loss:0.7961

epoch [912/1000], train_loss:0.4357, val_loss:0.7961

epoch [913/1000], train_loss:0.8408, val_loss:0.7961

epoch [914/1000], train_loss:0.7928, val_loss:0.7961

epoch [915/1000], train_loss:0.8774, val_loss:0.7961

epoch [916/1000], train_loss:0.4527, val_loss:0.7961

epoch [917/1000], train_loss:0.4589, val_loss:0.7961

epoch [918/1000], train_loss:0.8226, val_loss:0.7961

epoch [919/1000], train_loss:0.5335, val_loss:0.7961

epoch [920/1000], train_loss:0.3631, val_loss:0.7961

epoch [921/1000], train_loss:4.0293, val_loss:0.7961

epoch [922/1000], train_loss:0.7843, val_loss:0.7961

epoch [923/1000], train_loss:1.2456, val_loss:0.7961

epoch [924/1000], train_loss:0.7973, val_loss:0.7961

epoch [925/1000], train_loss:0.7547, val_loss:0.7962

epoch [926/1000], train_loss:1.1016, val_loss:0.7961

epoch [927/1000], train_loss:0.7180, val_loss:0.7961

epoch [928/1000], train_loss:0.3369, val_loss:0.7961

epoch [929/1000], train_loss:0.4552, val_loss:0.7961

epoch [930/1000], train_loss:0.4363, val_loss:0.7961

epoch [931/1000], train_loss:1.2054, val_loss:0.7961

epoch [932/1000], train_loss:1.2119, val_loss:0.7961

epoch [933/1000], train_loss:0.4056, val_loss:0.7961

epoch [934/1000], train_loss:0.3166, val_loss:0.7962

epoch [935/1000], train_loss:0.5455, val_loss:0.7961

epoch [936/1000], train_loss:1.2717, val_loss:0.7961

epoch [937/1000], train_loss:0.3921, val_loss:0.7961

epoch [938/1000], train_loss:0.4981, val_loss:0.7961

epoch [939/1000], train_loss:1.0794, val_loss:0.7961

epoch [940/1000], train_loss:0.4960, val_loss:0.7961

epoch [941/1000], train_loss:1.1547, val_loss:0.7961

epoch [942/1000], train_loss:0.5068, val_loss:0.7961

epoch [943/1000], train_loss:0.8155, val_loss:0.7961

epoch [944/1000], train_loss:0.5561, val_loss:0.7961

epoch [945/1000], train_loss:0.5104, val_loss:0.7961

epoch [946/1000], train_loss:0.6393, val_loss:0.7961

epoch [947/1000], train_loss:0.8059, val_loss:0.7961

epoch [948/1000], train_loss:1.2477, val_loss:0.7961

epoch [949/1000], train_loss:0.7974, val_loss:0.7961

epoch [950/1000], train_loss:0.5169, val_loss:0.7961

epoch [951/1000], train_loss:0.4949, val_loss:0.7961

epoch [952/1000], train_loss:0.4148, val_loss:0.7961

epoch [953/1000], train_loss:0.3720, val_loss:0.7961

epoch [954/1000], train_loss:0.3341, val_loss:0.7961

epoch [955/1000], train_loss:0.9112, val_loss:0.7961

epoch [956/1000], train_loss:0.5076, val_loss:0.7961

epoch [957/1000], train_loss:0.7902, val_loss:0.7961

epoch [958/1000], train_loss:0.5030, val_loss:0.7963

epoch [959/1000], train_loss:0.6668, val_loss:0.7961

epoch [960/1000], train_loss:0.3568, val_loss:0.7961

epoch [961/1000], train_loss:0.3900, val_loss:0.7962

epoch [962/1000], train_loss:0.6888, val_loss:0.7961

epoch [963/1000], train_loss:0.4354, val_loss:0.7961

epoch [964/1000], train_loss:0.3748, val_loss:0.7961

epoch [965/1000], train_loss:0.7533, val_loss:0.7961

epoch [966/1000], train_loss:0.4865, val_loss:0.7961

epoch [967/1000], train_loss:0.4253, val_loss:0.7961

epoch [968/1000], train_loss:0.4894, val_loss:0.7962

epoch [969/1000], train_loss:0.4842, val_loss:0.7962

epoch [970/1000], train_loss:0.3497, val_loss:0.7961

epoch [971/1000], train_loss:0.8258, val_loss:0.7961

epoch [972/1000], train_loss:0.7294, val_loss:0.7961

epoch [973/1000], train_loss:0.7923, val_loss:0.7961

epoch [974/1000], train_loss:0.3915, val_loss:0.7961

epoch [975/1000], train_loss:0.4262, val_loss:0.7961

epoch [976/1000], train_loss:1.1948, val_loss:0.7961

epoch [977/1000], train_loss:0.2725, val_loss:0.7962

epoch [978/1000], train_loss:0.9436, val_loss:0.7962

epoch [979/1000], train_loss:0.3664, val_loss:0.7961

epoch [980/1000], train_loss:0.3345, val_loss:0.7960

epoch [981/1000], train_loss:0.4420, val_loss:0.7961

epoch [982/1000], train_loss:0.3619, val_loss:0.7961

epoch [983/1000], train_loss:0.4194, val_loss:0.7961

epoch [984/1000], train_loss:0.7900, val_loss:0.7962

epoch [985/1000], train_loss:0.4735, val_loss:0.7961

epoch [986/1000], train_loss:1.2037, val_loss:0.7962

epoch [987/1000], train_loss:0.4371, val_loss:0.7961

epoch [988/1000], train_loss:0.4068, val_loss:0.7962

epoch [989/1000], train_loss:0.7450, val_loss:0.7961

epoch [990/1000], train_loss:0.8774, val_loss:0.7961

epoch [991/1000], train_loss:1.4924, val_loss:0.7961

epoch [992/1000], train_loss:0.7622, val_loss:0.7961

epoch [993/1000], train_loss:1.0375, val_loss:0.7961

epoch [994/1000], train_loss:0.4168, val_loss:0.7962

epoch [995/1000], train_loss:0.4112, val_loss:0.7962

epoch [996/1000], train_loss:0.9846, val_loss:0.7961

epoch [997/1000], train_loss:1.2861, val_loss:0.7961

epoch [998/1000], train_loss:0.4397, val_loss:0.7961

epoch [999/1000], train_loss:0.8053, val_loss:0.7961

epoch [1000/1000], train_loss:0.7432, val_loss:0.7961

the minimunal loss on val_set is  tensor([0.2381])
